生成启动时间为 2013/10/29 10:39:22。
     1>项目“D:\point_cloud\Point Cloud\Point Cloud.vcxproj”在节点 2 上(build 个目标)。
     1>InitializeBuildStatus:
         正在创建“x64\Debug\Point Cloud.unsuccessfulbuild”，因为已指定“AlwaysCreate”。
       CustomBuild:
         所有输出均为最新。
       ClCompile:
         C:\Program Files (x86)\Microsoft Visual Studio 10.0\VC\bin\x86_amd64\CL.exe /c /I.\GeneratedFiles /I"D:\QT-64\include" /I.\GeneratedFiles\Debug /I"D:\QT-64\include\qtmain" /I"D:\QT-64\include\QtCore" /I"D:\QT-64\include\QtGui" /I"D:\QT-64\include\QtOpenGL" /I. /I"D:\QT-64\include\QtTest" /I.\Poisson /Zi /nologo /W1 /WX- /Od /D UNICODE /D WIN32 /D QT_LARGEFILE_SUPPORT /D QT_CORE_LIB /D QT_GUI_LIB /D QT_OPENGL_LIB /D QT_DLL /Gm- /EHsc /MDd /GS /fp:precise /Zc:wchar_t- /Zc:forScope /Fo"x64\Debug\\" /Fd"x64\Debug\vc100.pdb" /Gd /TP /errorReport:prompt mainwindow.cpp /mp 
     1>cl : 命令行 warning D9002: 忽略未知选项“/mp”
         mainwindow.cpp
     1>d:\point_cloud\point cloud\includelib\vcglib\vcg\math\deprecated_matrix44.h : warning C4819: 该文件包含不能在当前代码页(936)中表示的字符。请将该文件保存为 Unicode 格式以防止数据丢失
     1>d:\point_cloud\point cloud\includelib\vcglib\vcg\math\deprecated_matrix44.h : warning C4819: 该文件包含不能在当前代码页(936)中表示的字符。请将该文件保存为 Unicode 格式以防止数据丢失
     1>d:\point_cloud\point cloud\includelib\vcglib\vcg\math\deprecated_matrix44.h : warning C4819: 该文件包含不能在当前代码页(936)中表示的字符。请将该文件保存为 Unicode 格式以防止数据丢失
     1>d:\point_cloud\point cloud\includelib\vcglib\vcg\math\deprecated_matrix44.h : warning C4819: 该文件包含不能在当前代码页(936)中表示的字符。请将该文件保存为 Unicode 格式以防止数据丢失
     1>d:\point_cloud\point cloud\includelib\vcglib\vcg\math\deprecated_matrix44.h : warning C4819: 该文件包含不能在当前代码页(936)中表示的字符。请将该文件保存为 Unicode 格式以防止数据丢失
     1>d:\point_cloud\point cloud\includelib\vcglib\vcg\math\deprecated_matrix44.h : warning C4819: 该文件包含不能在当前代码页(936)中表示的字符。请将该文件保存为 Unicode 格式以防止数据丢失
     1>d:\point_cloud\point cloud\includelib\vcglib\vcg\math\deprecated_matrix44.h : warning C4819: 该文件包含不能在当前代码页(936)中表示的字符。请将该文件保存为 Unicode 格式以防止数据丢失
     1>D:\point_cloud\Point Cloud\IncludeLib\vcglib\vcg/container/simple_temporary_data.h(157): warning C4003: “max”宏的实参不足
     1>D:\point_cloud\Point Cloud\IncludeLib\vcglib\vcg/complex/trimesh/allocate.h(636): warning C4003: “max”宏的实参不足
     1>D:\point_cloud\Point Cloud\IncludeLib\vcglib\vcg/complex/trimesh/allocate.h(677): warning C4003: “max”宏的实参不足
     1>D:\point_cloud\Point Cloud\IncludeLib\vcglib\vcg/space/sphere3.h(188): warning C4002: “max”宏的实参太多
     1>D:\point_cloud\Point Cloud\IncludeLib\vcglib\vcg/space/sphere3.h(189): warning C4002: “min”宏的实参太多
     1>D:\point_cloud\Point Cloud\IncludeLib\vcglib\vcg/complex/trimesh/bitquad_support.h(231): warning C4003: “max”宏的实参不足
     1>D:\point_cloud\Point Cloud\IncludeLib\vcglib\vcg/complex/trimesh/bitquad_support.h(273): warning C4003: “max”宏的实参不足
     1>D:\point_cloud\Point Cloud\IncludeLib\vcglib\vcg/simplex/face/component_ocf.h(209): warning C4003: “max”宏的实参不足
     1>D:\point_cloud\Point Cloud\IncludeLib\vcglib\vcg/simplex/face/distance.h : warning C4819: 该文件包含不能在当前代码页(936)中表示的字符。请将该文件保存为 Unicode 格式以防止数据丢失
     1>D:\point_cloud\Point Cloud\IncludeLib\vcglib\vcg/space/distance3.h(409): warning C4003: “max”宏的实参不足
     1>D:\point_cloud\Point Cloud\IncludeLib\vcglib\vcg/space/distance3.h(469): warning C4003: “max”宏的实参不足
     1>D:\point_cloud\Point Cloud\IncludeLib\vcglib\vcg/space/index/space_iterators.h(113): warning C4003: “min”宏的实参不足
     1>D:\point_cloud\Point Cloud\IncludeLib\vcglib\vcg/simplex/face/distance.h : warning C4819: 该文件包含不能在当前代码页(936)中表示的字符。请将该文件保存为 Unicode 格式以防止数据丢失
     1>D:\point_cloud\Point Cloud\IncludeLib\vcglib\vcg/complex/trimesh/update/color.h : warning C4819: 该文件包含不能在当前代码页(936)中表示的字符。请将该文件保存为 Unicode 格式以防止数据丢失
     1>D:\point_cloud\Point Cloud\IncludeLib\vcglib\vcg/math/histogram.h(123): warning C4003: “max”宏的实参不足
     1>D:\point_cloud\Point Cloud\IncludeLib\vcglib\vcg/math/histogram.h(124): warning C4003: “max”宏的实参不足
     1>D:\point_cloud\Point Cloud\IncludeLib\vcglib\vcg/math/histogram.h(288): warning C4003: “max”宏的实参不足
     1>D:\point_cloud\Point Cloud\IncludeLib\vcglib\vcg/math/histogram.h(289): warning C4003: “max”宏的实参不足
     1>D:\point_cloud\Point Cloud\IncludeLib\vcglib\vcg/math/histogram.h(320): warning C4003: “max”宏的实参不足
     1>D:\point_cloud\Point Cloud\IncludeLib\vcglib\vcg/math/histogram.h(321): warning C4003: “max”宏的实参不足
     1>D:\point_cloud\Point Cloud\IncludeLib\vcglib\vcg/complex/trimesh/stat.h(72): warning C4003: “max”宏的实参不足
     1>D:\point_cloud\Point Cloud\IncludeLib\vcglib\vcg/complex/trimesh/stat.h(72): warning C4003: “max”宏的实参不足
     1>D:\point_cloud\Point Cloud\IncludeLib\vcglib\vcg/complex/trimesh/stat.h(86): warning C4003: “max”宏的实参不足
     1>D:\point_cloud\Point Cloud\IncludeLib\vcglib\vcg/complex/trimesh/stat.h(86): warning C4003: “max”宏的实参不足
     1>D:\point_cloud\Point Cloud\IncludeLib\vcglib\vcg/complex/trimesh/update/color.h(343): warning C4003: “max”宏的实参不足
     1>D:\point_cloud\Point Cloud\IncludeLib\vcglib\vcg/complex/trimesh/update/color.h(344): warning C4003: “max”宏的实参不足
         所有输出均为最新。
       Link:
         C:\Program Files (x86)\Microsoft Visual Studio 10.0\VC\bin\x86_amd64\link.exe /ERRORREPORT:PROMPT /OUT:"D:\point_cloud\\Point Cloud.exe" /NOLOGO /LIBPATH:"D:\QT-64\lib" qtmaind.lib QtCored4.lib QtGuid4.lib QtOpenGLd4.lib glew32.lib glew32mx.lib glew32mxs.lib glew32s.lib QtTestd4.lib ANND.lib glut64.lib kernel32.lib user32.lib gdi32.lib winspool.lib comdlg32.lib advapi32.lib shell32.lib ole32.lib oleaut32.lib uuid.lib odbc32.lib odbccp32.lib /MANIFEST /ManifestFile:"x64\Debug\Point Cloud.exe.intermediate.manifest" /MANIFESTUAC:"level='asInvoker' uiAccess='false'" /DEBUG /PDB:"D:\point_cloud\Point Cloud.pdb" /SUBSYSTEM:WINDOWS /TLBID:1 /DYNAMICBASE /NXCOMPAT /IMPLIB:"D:\point_cloud\Point Cloud.lib" /MACHINE:X64 /PROFILE x64\Debug\Camera.obj
         x64\Debug\NormalSmoother.obj
         x64\Debug\Poisson.obj
         x64\Debug\Skeleton.obj
         x64\Debug\Skeletonization.obj
         x64\Debug\Upsampler.obj
         x64\Debug\WLOP.obj
         x64\Debug\calculationthread.obj
         x64\Debug\Console.obj
         x64\Debug\coordinateframe.obj
         x64\Debug\DataMgr.obj
         x64\Debug\moc_calculationthread.obj
         x64\Debug\moc_dlg_camera_para.obj
         x64\Debug\moc_dlg_normal_para.obj
         x64\Debug\moc_dlg_poisson_para.obj
         x64\Debug\moc_dlg_skeleton_para.obj
         x64\Debug\moc_dlg_upsampling_para.obj
         x64\Debug\moc_dlg_wlop_para.obj
         x64\Debug\moc_GLArea.obj
         x64\Debug\moc_mainwindow.obj
         x64\Debug\moc_std_para_dlg.obj
         x64\Debug\qrc_mainwindow.obj
         x64\Debug\GLArea.obj
         x64\Debug\GLDrawer.obj
         x64\Debug\GlobalFunction.obj
         x64\Debug\grid.obj
         x64\Debug\main.obj
         x64\Debug\mainwindow.obj
         x64\Debug\Parameter.obj
         x64\Debug\ParameterMgr.obj
         x64\Debug\plylib.obj
         x64\Debug\Factor.obj
         x64\Debug\Geometry.obj
         x64\Debug\MarchingCubes.obj
         x64\Debug\MultiGridOctest.obj
         x64\Debug\PlyFile.obj
         x64\Debug\trackball.obj
         x64\Debug\trackmode.obj
         x64\Debug\dlg_camera_para.obj
         x64\Debug\dlg_normal_para.obj
         x64\Debug\dlg_poisson_para.obj
         x64\Debug\dlg_skeleton_para.obj
         x64\Debug\dlg_upsampling_para.obj
         x64\Debug\dlg_wlop_para.obj
         x64\Debug\std_para_dlg.obj /MP 
     1>LINK : warning LNK4044: 无法识别的选项“/MP”；已忽略
         Point Cloud.vcxproj -> D:\point_cloud\Point Cloud.exe
       Manifest:
         C:\Program Files (x86)\Microsoft SDKs\Windows\v7.0A\bin\mt.exe /nologo /verbose /outputresource:"D:\point_cloud\\Point Cloud.exe;#1" /manifest "x64\Debug\Point Cloud.exe.intermediate.manifest"
       FinalizeBuildStatus:
         正在删除文件“x64\Debug\Point Cloud.unsuccessfulbuild”。
         正在对“x64\Debug\Point Cloud.lastbuildstate”执行 Touch 任务。
     1>已完成生成项目“D:\point_cloud\Point Cloud\Point Cloud.vcxproj”(build 个目标)的操作。

生成成功。

已用时间 00:00:04.98
