D:\POINT_CLOUD\POINT CLOUD.EXE
D:\POINT_CLOUD\POINT CLOUD.PDB
D:\POINT_CLOUD\POINT CLOUD\GENERATEDFILES\DEBUG\MOC_CALCULATIONTHREAD.CPP
D:\POINT_CLOUD\POINT CLOUD\GENERATEDFILES\DEBUG\MOC_DLG_CAMERA_PARA.CPP
D:\POINT_CLOUD\POINT CLOUD\GENERATEDFILES\DEBUG\MOC_DLG_NORMAL_PARA.CPP
D:\POINT_CLOUD\POINT CLOUD\GENERATEDFILES\DEBUG\MOC_DLG_POISSON_PARA.CPP
D:\POINT_CLOUD\POINT CLOUD\GENERATEDFILES\DEBUG\MOC_DLG_SKELETON_PARA.CPP
D:\POINT_CLOUD\POINT CLOUD\GENERATEDFILES\DEBUG\MOC_DLG_UPSAMPLING_PARA.CPP
D:\POINT_CLOUD\POINT CLOUD\GENERATEDFILES\DEBUG\MOC_DLG_WLOP_PARA.CPP
D:\POINT_CLOUD\POINT CLOUD\GENERATEDFILES\DEBUG\MOC_GLAREA.CPP
D:\POINT_CLOUD\POINT CLOUD\GENERATEDFILES\DEBUG\MOC_MAINWINDOW.CPP
D:\POINT_CLOUD\POINT CLOUD\GENERATEDFILES\DEBUG\MOC_STD_PARA_DLG.CPP
D:\POINT_CLOUD\POINT CLOUD\GENERATEDFILES\QRC_MAINWINDOW.CPP
D:\POINT_CLOUD\POINT CLOUD\GENERATEDFILES\UI_CAMERA_PARA.H
D:\POINT_CLOUD\POINT CLOUD\GENERATEDFILES\UI_MAINWINDOW.H
D:\POINT_CLOUD\POINT CLOUD\GENERATEDFILES\UI_NORMAL_PARA.H
D:\POINT_CLOUD\POINT CLOUD\GENERATEDFILES\UI_PARA_SKELETONIZATION.H
D:\POINT_CLOUD\POINT CLOUD\GENERATEDFILES\UI_PARA_WLOP.H
D:\POINT_CLOUD\POINT CLOUD\GENERATEDFILES\UI_POISSON_PARA.H
D:\POINT_CLOUD\POINT CLOUD\GENERATEDFILES\UI_UPSAMPLING_PARA.H
D:\POINT_CLOUD\POINT CLOUD\X64\DEBUG\CALCULATIONTHREAD.OBJ
D:\POINT_CLOUD\POINT CLOUD\X64\DEBUG\CAMERA.OBJ
D:\point_cloud\Point Cloud\x64\Debug\cl.command.1.tlog
D:\point_cloud\Point Cloud\x64\Debug\CL.read.1.tlog
D:\point_cloud\Point Cloud\x64\Debug\CL.write.1.tlog
D:\POINT_CLOUD\POINT CLOUD\X64\DEBUG\CONSOLE.OBJ
D:\POINT_CLOUD\POINT CLOUD\X64\DEBUG\COORDINATEFRAME.OBJ
D:\point_cloud\Point Cloud\x64\Debug\custombuild.command.1.tlog
D:\point_cloud\Point Cloud\x64\Debug\custombuild.read.1.tlog
D:\point_cloud\Point Cloud\x64\Debug\custombuild.write.1.tlog
D:\POINT_CLOUD\POINT CLOUD\X64\DEBUG\DATAMGR.OBJ
D:\POINT_CLOUD\POINT CLOUD\X64\DEBUG\DLG_CAMERA_PARA.OBJ
D:\POINT_CLOUD\POINT CLOUD\X64\DEBUG\DLG_NORMAL_PARA.OBJ
D:\POINT_CLOUD\POINT CLOUD\X64\DEBUG\DLG_POISSON_PARA.OBJ
D:\POINT_CLOUD\POINT CLOUD\X64\DEBUG\DLG_SKELETON_PARA.OBJ
D:\POINT_CLOUD\POINT CLOUD\X64\DEBUG\DLG_UPSAMPLING_PARA.OBJ
D:\POINT_CLOUD\POINT CLOUD\X64\DEBUG\DLG_WLOP_PARA.OBJ
D:\POINT_CLOUD\POINT CLOUD\X64\DEBUG\FACTOR.OBJ
D:\POINT_CLOUD\POINT CLOUD\X64\DEBUG\GEOMETRY.OBJ
D:\POINT_CLOUD\POINT CLOUD\X64\DEBUG\GLAREA.OBJ
D:\POINT_CLOUD\POINT CLOUD\X64\DEBUG\GLDRAWER.OBJ
D:\POINT_CLOUD\POINT CLOUD\X64\DEBUG\GLOBALFUNCTION.OBJ
D:\POINT_CLOUD\POINT CLOUD\X64\DEBUG\GRID.OBJ
D:\point_cloud\Point Cloud\x64\Debug\link.command.1.tlog
D:\point_cloud\Point Cloud\x64\Debug\link.read.1.tlog
D:\point_cloud\Point Cloud\x64\Debug\link.write.1.tlog
D:\POINT_CLOUD\POINT CLOUD\X64\DEBUG\MAIN.OBJ
D:\POINT_CLOUD\POINT CLOUD\X64\DEBUG\MAINWINDOW.OBJ
D:\POINT_CLOUD\POINT CLOUD\X64\DEBUG\MARCHINGCUBES.OBJ
D:\POINT_CLOUD\POINT CLOUD\X64\DEBUG\MOC_CALCULATIONTHREAD.OBJ
D:\POINT_CLOUD\POINT CLOUD\X64\DEBUG\MOC_DLG_CAMERA_PARA.OBJ
D:\POINT_CLOUD\POINT CLOUD\X64\DEBUG\MOC_DLG_NORMAL_PARA.OBJ
D:\POINT_CLOUD\POINT CLOUD\X64\DEBUG\MOC_DLG_POISSON_PARA.OBJ
D:\POINT_CLOUD\POINT CLOUD\X64\DEBUG\MOC_DLG_SKELETON_PARA.OBJ
D:\POINT_CLOUD\POINT CLOUD\X64\DEBUG\MOC_DLG_UPSAMPLING_PARA.OBJ
D:\POINT_CLOUD\POINT CLOUD\X64\DEBUG\MOC_DLG_WLOP_PARA.OBJ
D:\POINT_CLOUD\POINT CLOUD\X64\DEBUG\MOC_GLAREA.OBJ
D:\POINT_CLOUD\POINT CLOUD\X64\DEBUG\MOC_MAINWINDOW.OBJ
D:\POINT_CLOUD\POINT CLOUD\X64\DEBUG\MOC_STD_PARA_DLG.OBJ
D:\point_cloud\Point Cloud\x64\Debug\mt.command.1.tlog
D:\point_cloud\Point Cloud\x64\Debug\mt.read.1.tlog
D:\point_cloud\Point Cloud\x64\Debug\mt.write.1.tlog
D:\POINT_CLOUD\POINT CLOUD\X64\DEBUG\MULTIGRIDOCTEST.OBJ
D:\POINT_CLOUD\POINT CLOUD\X64\DEBUG\NORMALSMOOTHER.OBJ
D:\POINT_CLOUD\POINT CLOUD\X64\DEBUG\PARAMETER.OBJ
D:\POINT_CLOUD\POINT CLOUD\X64\DEBUG\PARAMETERMGR.OBJ
D:\POINT_CLOUD\POINT CLOUD\X64\DEBUG\PLYFILE.OBJ
D:\POINT_CLOUD\POINT CLOUD\X64\DEBUG\PLYLIB.OBJ
D:\POINT_CLOUD\POINT CLOUD\X64\DEBUG\POINT CLOUD.EXE.INTERMEDIATE.MANIFEST
D:\POINT_CLOUD\POINT CLOUD\X64\DEBUG\POISSON.OBJ
D:\POINT_CLOUD\POINT CLOUD\X64\DEBUG\QRC_MAINWINDOW.OBJ
D:\POINT_CLOUD\POINT CLOUD\X64\DEBUG\SKELETON.OBJ
D:\POINT_CLOUD\POINT CLOUD\X64\DEBUG\SKELETONIZATION.OBJ
D:\POINT_CLOUD\POINT CLOUD\X64\DEBUG\STD_PARA_DLG.OBJ
D:\POINT_CLOUD\POINT CLOUD\X64\DEBUG\TRACKBALL.OBJ
D:\POINT_CLOUD\POINT CLOUD\X64\DEBUG\TRACKMODE.OBJ
D:\POINT_CLOUD\POINT CLOUD\X64\DEBUG\UPSAMPLER.OBJ
D:\POINT_CLOUD\POINT CLOUD\X64\DEBUG\VC100.PDB
D:\POINT_CLOUD\POINT CLOUD\X64\DEBUG\WLOP.OBJ
